{
  "stats": {
    "suites": 0,
    "tests": 2,
    "passes": 2,
    "pending": 0,
    "failures": 0,
    "start": "2023-09-08T16:49:37.309Z",
    "end": "2023-09-08T16:49:58.021Z",
    "duration": 20712,
    "testsRegistered": 2,
    "passPercent": 100,
    "pendingPercent": 0,
    "other": 0,
    "hasOther": false,
    "skipped": 0,
    "hasSkipped": false
  },
  "results": [
    {
      "uuid": "5a568114-9fdc-484b-bb0b-9bfcc61e67c2",
      "title": "",
      "fullFile": "cypress/integration/login.ts",
      "file": "cypress/integration/login.ts",
      "beforeHooks": [],
      "afterHooks": [],
      "tests": [
        {
          "title": "Test Add Product to Cart",
          "fullTitle": "Test Add Product to Cart",
          "timedOut": null,
          "duration": 9749,
          "state": "passed",
          "speed": "medium",
          "pass": true,
          "fail": false,
          "pending": false,
          "context": null,
          "code": "loginPage.login(URL, 'standard_user', 'secret_sauce');\ncartPage.cartSauceLabsBackpack();\ncartPage.cartDetail();",
          "err": {},
          "uuid": "6ae4d3c7-518a-4b98-99a9-c4cfd065d9c3",
          "parentUUID": "5a568114-9fdc-484b-bb0b-9bfcc61e67c2",
          "isHook": false,
          "skipped": false
        },
        {
          "title": "Test Continue Shopping",
          "fullTitle": "Test Continue Shopping",
          "timedOut": null,
          "duration": 8207,
          "state": "passed",
          "speed": "medium",
          "pass": true,
          "fail": false,
          "pending": false,
          "context": null,
          "code": "loginPage.login(URL, 'standard_user', 'secret_sauce');\ncartPage.cartSauceLabsBackpack();\ncartPage.cartDetail();\ncartPage.continueShopping();\ndashboardPage.sauceLabsBackpack();",
          "err": {},
          "uuid": "31246221-840a-4857-8e9a-4eb222e35912",
          "parentUUID": "5a568114-9fdc-484b-bb0b-9bfcc61e67c2",
          "isHook": false,
          "skipped": false
        }
      ],
      "suites": [],
      "passes": [
        "6ae4d3c7-518a-4b98-99a9-c4cfd065d9c3",
        "31246221-840a-4857-8e9a-4eb222e35912"
      ],
      "failures": [],
      "pending": [],
      "skipped": [],
      "duration": 17956,
      "root": true,
      "rootEmpty": false,
      "_timeout": 2000
    }
  ],
  "meta": {
    "mocha": {
      "version": "7.0.1"
    },
    "mochawesome": {
      "options": {
        "quiet": false,
        "reportFilename": "mochawesome",
        "saveHtml": false,
        "saveJson": true,
        "consoleReporter": "spec",
        "useInlineDiffs": false,
        "code": true
      },
      "version": "7.1.3"
    },
    "marge": {
      "options": {
        "chart": true,
        "overwrite": false,
        "html": false,
        "json": true,
        "reportDir": "cypress/reports"
      },
      "version": "6.2.0"
    }
  }
}