{
  "stats": {
    "suites": 0,
    "tests": 4,
    "passes": 1,
    "pending": 0,
    "failures": 3,
    "start": "2023-09-08T16:26:29.047Z",
    "end": "2023-09-08T16:26:49.700Z",
    "duration": 20653,
    "testsRegistered": 4,
    "passPercent": 25,
    "pendingPercent": 0,
    "other": 0,
    "hasOther": false,
    "skipped": 0,
    "hasSkipped": false
  },
  "results": [
    {
      "uuid": "c9c35019-6bf4-4c1e-a9e7-84a79d3aa025",
      "title": "",
      "fullFile": "cypress/integration/login.ts",
      "file": "cypress/integration/login.ts",
      "beforeHooks": [],
      "afterHooks": [],
      "tests": [
        {
          "title": "Test LOGIN",
          "fullTitle": "Test LOGIN",
          "timedOut": null,
          "duration": 7698,
          "state": "failed",
          "speed": null,
          "pass": false,
          "fail": true,
          "pending": false,
          "context": null,
          "code": "loginPage.login(URL, 'standard_user', 'secret_sauce');\nloginPage.assertLogin();",
          "err": {
            "message": "AssertionError: Timed out retrying after 4000ms: Expected to find element: `.peek`, but never found it.",
            "estack": "AssertionError: Timed out retrying after 4000ms: Expected to find element: `.peek`, but never found it.\n    at LoginPage.assertLogin (https://www.saucedemo.com/__cypress/tests?p=cypress\\integration\\login.ts:213:25)\n    at Context.eval (https://www.saucedemo.com/__cypress/tests?p=cypress\\integration\\login.ts:108:15)",
            "diff": null
          },
          "uuid": "da68ace8-acce-4b6f-ae04-89144a8aaca7",
          "parentUUID": "c9c35019-6bf4-4c1e-a9e7-84a79d3aa025",
          "isHook": false,
          "skipped": false
        },
        {
          "title": "Test Sauce Demo Invalid Password",
          "fullTitle": "Test Sauce Demo Invalid Password",
          "timedOut": null,
          "duration": 2361,
          "state": "passed",
          "speed": "fast",
          "pass": true,
          "fail": false,
          "pending": false,
          "context": null,
          "code": "loginPage.login(URL, 'standard_user', 'invalidPass');\nloginPage.assertLoginFail();",
          "err": {},
          "uuid": "a297c3af-6e3c-48d8-81f8-e8953d6eb53e",
          "parentUUID": "c9c35019-6bf4-4c1e-a9e7-84a79d3aa025",
          "isHook": false,
          "skipped": false
        },
        {
          "title": "Test Sauce Demo Sauce labs product backpack",
          "fullTitle": "Test Sauce Demo Sauce labs product backpack",
          "timedOut": null,
          "duration": 5629,
          "state": "failed",
          "speed": null,
          "pass": false,
          "fail": true,
          "pending": false,
          "context": null,
          "code": "loginPage.login(URL, 'standard_user', 'secret_sauce');\nloginPage.assertLogin();\ndashboardPage.sauceLabsBackpack();",
          "err": {
            "message": "AssertionError: Timed out retrying after 4000ms: Expected to find element: `.peek`, but never found it.",
            "estack": "AssertionError: Timed out retrying after 4000ms: Expected to find element: `.peek`, but never found it.\n    at LoginPage.assertLogin (https://www.saucedemo.com/__cypress/tests?p=cypress\\integration\\login.ts:213:25)\n    at Context.eval (https://www.saucedemo.com/__cypress/tests?p=cypress\\integration\\login.ts:116:15)",
            "diff": null
          },
          "uuid": "de3f7018-8f62-4122-9e75-7ee290e577f1",
          "parentUUID": "c9c35019-6bf4-4c1e-a9e7-84a79d3aa025",
          "isHook": false,
          "skipped": false
        },
        {
          "title": "Test Add Product to Cart",
          "fullTitle": "Test Add Product to Cart",
          "timedOut": null,
          "duration": 1910,
          "state": "failed",
          "speed": null,
          "pass": false,
          "fail": true,
          "pending": false,
          "context": null,
          "code": "loginPage.login(URL, 'standard_user', 'secret_sauce');\ncartPage.cartSauceLabsBackpack();\ncartPage.cartDetail();",
          "err": {
            "message": "Error: Syntax error, unrecognized expression: //*[@id=\"shopping_cart_container\"]/a",
            "estack": "Error: Syntax error, unrecognized expression: //*[@id=\"shopping_cart_container\"]/a\n    at Function.Sizzle.error (https://www.saucedemo.com/__cypress/runner/cypress_runner.js:109597:8)\n    at Sizzle.tokenize (https://www.saucedemo.com/__cypress/runner/cypress_runner.js:110249:11)\n    at Sizzle.select (https://www.saucedemo.com/__cypress/runner/cypress_runner.js:110676:20)\n    at Function.Sizzle [as find] (https://www.saucedemo.com/__cypress/runner/cypress_runner.js:108901:9)\n    at jQuery.fn.init.find (https://www.saucedemo.com/__cypress/runner/cypress_runner.js:110932:11)\n    at new jQuery.fn.init (https://www.saucedemo.com/__cypress/runner/cypress_runner.js:111047:40)\n    at Object.query (https://www.saucedemo.com/__cypress/runner/cypress_runner.js:184887:10)\n    at $Cy.$$ (https://www.saucedemo.com/__cypress/runner/cypress_runner.js:173026:65)\n    at getElements (https://www.saucedemo.com/__cypress/runner/cypress_runner.js:159826:20)\n    at tryCatcher (https://www.saucedemo.com/__cypress/runner/cypress_runner.js:13022:23)\n    at Function.Promise.attempt.Promise.try (https://www.saucedemo.com/__cypress/runner/cypress_runner.js:10296:29)\n    at resolveElements (https://www.saucedemo.com/__cypress/runner/cypress_runner.js:159876:67)\n    at Context.get (https://www.saucedemo.com/__cypress/runner/cypress_runner.js:159887:14)\n    at https://www.saucedemo.com/__cypress/runner/cypress_runner.js:172123:15\n    at tryCatcher (https://www.saucedemo.com/__cypress/runner/cypress_runner.js:13022:23)",
            "diff": null
          },
          "uuid": "a46b90d5-0c48-4120-94bb-a6f5815e56f7",
          "parentUUID": "c9c35019-6bf4-4c1e-a9e7-84a79d3aa025",
          "isHook": false,
          "skipped": false
        }
      ],
      "suites": [],
      "passes": [
        "a297c3af-6e3c-48d8-81f8-e8953d6eb53e"
      ],
      "failures": [
        "da68ace8-acce-4b6f-ae04-89144a8aaca7",
        "de3f7018-8f62-4122-9e75-7ee290e577f1",
        "a46b90d5-0c48-4120-94bb-a6f5815e56f7"
      ],
      "pending": [],
      "skipped": [],
      "duration": 17598,
      "root": true,
      "rootEmpty": false,
      "_timeout": 2000
    }
  ],
  "meta": {
    "mocha": {
      "version": "7.0.1"
    },
    "mochawesome": {
      "options": {
        "quiet": false,
        "reportFilename": "mochawesome",
        "saveHtml": false,
        "saveJson": true,
        "consoleReporter": "spec",
        "useInlineDiffs": false,
        "code": true
      },
      "version": "7.1.3"
    },
    "marge": {
      "options": {
        "chart": true,
        "overwrite": false,
        "html": false,
        "json": true,
        "reportDir": "cypress/reports"
      },
      "version": "6.2.0"
    }
  }
}