{
  "stats": {
    "suites": 0,
    "tests": 5,
    "passes": 5,
    "pending": 0,
    "failures": 0,
    "start": "2023-09-08T16:54:29.849Z",
    "end": "2023-09-08T16:54:56.232Z",
    "duration": 26383,
    "testsRegistered": 5,
    "passPercent": 100,
    "pendingPercent": 0,
    "other": 0,
    "hasOther": false,
    "skipped": 0,
    "hasSkipped": false
  },
  "results": [
    {
      "uuid": "8e515a0b-c146-4dba-97dc-a0438b1ec4fe",
      "title": "",
      "fullFile": "cypress/integration/login.ts",
      "file": "cypress/integration/login.ts",
      "beforeHooks": [],
      "afterHooks": [],
      "tests": [
        {
          "title": "Test LOGIN",
          "fullTitle": "Test LOGIN",
          "timedOut": null,
          "duration": 3834,
          "state": "passed",
          "speed": "fast",
          "pass": true,
          "fail": false,
          "pending": false,
          "context": null,
          "code": "loginPage.login(URL, 'standard_user', 'secret_sauce');\nloginPage.assertLogin();",
          "err": {},
          "uuid": "80ad690b-a53d-4b11-a3d6-a91d619932f0",
          "parentUUID": "8e515a0b-c146-4dba-97dc-a0438b1ec4fe",
          "isHook": false,
          "skipped": false
        },
        {
          "title": "Test Sauce Demo Invalid Password",
          "fullTitle": "Test Sauce Demo Invalid Password",
          "timedOut": null,
          "duration": 2029,
          "state": "passed",
          "speed": "fast",
          "pass": true,
          "fail": false,
          "pending": false,
          "context": null,
          "code": "loginPage.login(URL, 'standard_user', 'invalidPass');\nloginPage.assertLoginFail();",
          "err": {},
          "uuid": "e6d9fb46-ca62-4e61-a6bd-3cb07cb5dd6a",
          "parentUUID": "8e515a0b-c146-4dba-97dc-a0438b1ec4fe",
          "isHook": false,
          "skipped": false
        },
        {
          "title": "Test Sauce Demo Sauce labs product backpack",
          "fullTitle": "Test Sauce Demo Sauce labs product backpack",
          "timedOut": null,
          "duration": 1962,
          "state": "passed",
          "speed": "fast",
          "pass": true,
          "fail": false,
          "pending": false,
          "context": null,
          "code": "loginPage.login(URL, 'standard_user', 'secret_sauce');\nloginPage.assertLogin();\ndashboardPage.sauceLabsBackpack();",
          "err": {},
          "uuid": "763697f4-c223-4814-83aa-7e4ebb25e0d0",
          "parentUUID": "8e515a0b-c146-4dba-97dc-a0438b1ec4fe",
          "isHook": false,
          "skipped": false
        },
        {
          "title": "Test Add Product to Cart",
          "fullTitle": "Test Add Product to Cart",
          "timedOut": null,
          "duration": 8332,
          "state": "passed",
          "speed": "medium",
          "pass": true,
          "fail": false,
          "pending": false,
          "context": null,
          "code": "loginPage.login(URL, 'standard_user', 'secret_sauce');\ncartPage.cartSauceLabsBackpack();\ncartPage.cartDetail();",
          "err": {},
          "uuid": "052b5e57-9b42-4986-be15-f7311cd2296b",
          "parentUUID": "8e515a0b-c146-4dba-97dc-a0438b1ec4fe",
          "isHook": false,
          "skipped": false
        },
        {
          "title": "Test Continue Shopping",
          "fullTitle": "Test Continue Shopping",
          "timedOut": null,
          "duration": 7435,
          "state": "passed",
          "speed": "medium",
          "pass": true,
          "fail": false,
          "pending": false,
          "context": null,
          "code": "loginPage.login(URL, 'standard_user', 'secret_sauce');\ncartPage.cartSauceLabsBackpack();\ncartPage.cartDetail();\ncartPage.continueShopping();\ndashboardPage.sauceLabsBackpack();",
          "err": {},
          "uuid": "c27df9ca-5695-46bf-8471-bb89f570f05d",
          "parentUUID": "8e515a0b-c146-4dba-97dc-a0438b1ec4fe",
          "isHook": false,
          "skipped": false
        }
      ],
      "suites": [],
      "passes": [
        "80ad690b-a53d-4b11-a3d6-a91d619932f0",
        "e6d9fb46-ca62-4e61-a6bd-3cb07cb5dd6a",
        "763697f4-c223-4814-83aa-7e4ebb25e0d0",
        "052b5e57-9b42-4986-be15-f7311cd2296b",
        "c27df9ca-5695-46bf-8471-bb89f570f05d"
      ],
      "failures": [],
      "pending": [],
      "skipped": [],
      "duration": 23592,
      "root": true,
      "rootEmpty": false,
      "_timeout": 2000
    }
  ],
  "meta": {
    "mocha": {
      "version": "7.0.1"
    },
    "mochawesome": {
      "options": {
        "quiet": false,
        "reportFilename": "mochawesome",
        "saveHtml": false,
        "saveJson": true,
        "consoleReporter": "spec",
        "useInlineDiffs": false,
        "code": true
      },
      "version": "7.1.3"
    },
    "marge": {
      "options": {
        "chart": true,
        "overwrite": false,
        "html": false,
        "json": true,
        "reportDir": "cypress/reports"
      },
      "version": "6.2.0"
    }
  }
}