{
  "stats": {
    "suites": 0,
    "tests": 1,
    "passes": 1,
    "pending": 0,
    "failures": 0,
    "start": "2023-09-08T16:38:06.042Z",
    "end": "2023-09-08T16:38:19.006Z",
    "duration": 12964,
    "testsRegistered": 1,
    "passPercent": 100,
    "pendingPercent": 0,
    "other": 0,
    "hasOther": false,
    "skipped": 0,
    "hasSkipped": false
  },
  "results": [
    {
      "uuid": "bb560814-96bf-4990-aaf8-6a8b06f9d459",
      "title": "",
      "fullFile": "cypress/integration/login.ts",
      "file": "cypress/integration/login.ts",
      "beforeHooks": [],
      "afterHooks": [],
      "tests": [
        {
          "title": "Test Add Product to Cart",
          "fullTitle": "Test Add Product to Cart",
          "timedOut": null,
          "duration": 9925,
          "state": "passed",
          "speed": "medium",
          "pass": true,
          "fail": false,
          "pending": false,
          "context": null,
          "code": "loginPage.login(URL, 'standard_user', 'secret_sauce');\ncartPage.cartSauceLabsBackpack();\ncartPage.cartDetail();",
          "err": {},
          "uuid": "d23e8947-4c1c-4565-9319-e6ac60148bac",
          "parentUUID": "bb560814-96bf-4990-aaf8-6a8b06f9d459",
          "isHook": false,
          "skipped": false
        }
      ],
      "suites": [],
      "passes": [
        "d23e8947-4c1c-4565-9319-e6ac60148bac"
      ],
      "failures": [],
      "pending": [],
      "skipped": [],
      "duration": 9925,
      "root": true,
      "rootEmpty": false,
      "_timeout": 2000
    }
  ],
  "meta": {
    "mocha": {
      "version": "7.0.1"
    },
    "mochawesome": {
      "options": {
        "quiet": false,
        "reportFilename": "mochawesome",
        "saveHtml": false,
        "saveJson": true,
        "consoleReporter": "spec",
        "useInlineDiffs": false,
        "code": true
      },
      "version": "7.1.3"
    },
    "marge": {
      "options": {
        "chart": true,
        "overwrite": false,
        "html": false,
        "json": true,
        "reportDir": "cypress/reports"
      },
      "version": "6.2.0"
    }
  }
}